# JRE version: Java(TM) SE Runtime Environment 18.9 (11.0.13+10) (build 11.0.13+10-LTS-370)
# Java VM: Java HotSpot(TM) 64-Bit Server VM 18.9 (11.0.13+10-LTS-370, mixed mode, tiered, compressed oops, g1 gc, windows-amd64)
Heap:
 garbage-first heap   total 129024K, used 13874K [0x0000000082200000, 0x0000000100000000)
  region size 1024K, 4 young (4096K), 4 survivors (4096K)
 Metaspace       used 24750K, capacity 25546K, committed 25648K, reserved 1079296K
  class space    used 3064K, capacity 3412K, committed 3456K, reserved 1048576K
GC Heap History (10 events):
Event: 2.985 GC heap before
{Heap before GC invocations=0 (full 0):
 garbage-first heap   total 129024K, used 17408K [0x0000000082200000, 0x0000000100000000)
  region size 1024K, 14 young (14336K), 0 survivors (0K)
 Metaspace       used 11342K, capacity 11600K, committed 11904K, reserved 1060864K
  class space    used 1184K, capacity 1303K, committed 1408K, reserved 1048576K
}
Event: 2.996 GC heap after
{Heap after GC invocations=1 (full 0):
 garbage-first heap   total 129024K, used 9277K [0x0000000082200000, 0x0000000100000000)
  region size 1024K, 2 young (2048K), 2 survivors (2048K)
 Metaspace       used 11342K, capacity 11600K, committed 11904K, reserved 1060864K
  class space    used 1184K, capacity 1303K, committed 1408K, reserved 1048576K
}
Event: 3.289 GC heap before
{Heap before GC invocations=1 (full 0):
 garbage-first heap   total 129024K, used 13373K [0x0000000082200000, 0x0000000100000000)
  region size 1024K, 6 young (6144K), 2 survivors (2048K)
 Metaspace       used 12947K, capacity 13303K, committed 13568K, reserved 1060864K
  class space    used 1342K, capacity 1444K, committed 1536K, reserved 1048576K
}
Event: 3.293 GC heap after
{Heap after GC invocations=2 (full 0):
 garbage-first heap   total 129024K, used 10288K [0x0000000082200000, 0x0000000100000000)
  region size 1024K, 1 young (1024K), 1 survivors (1024K)
 Metaspace       used 12947K, capacity 13303K, committed 13568K, reserved 1060864K
  class space    used 1342K, capacity 1444K, committed 1536K, reserved 1048576K
}
Event: 4.173 GC heap before
{Heap before GC invocations=2 (full 0):
 garbage-first heap   total 129024K, used 29744K [0x0000000082200000, 0x0000000100000000)
  region size 1024K, 20 young (20480K), 1 survivors (1024K)
 Metaspace       used 16835K, capacity 17323K, committed 17536K, reserved 1064960K
  class space    used 1870K, capacity 2076K, committed 2176K, reserved 1048576K
}
Event: 4.178 GC heap after
{Heap after GC invocations=3 (full 0):
 garbage-first heap   total 129024K, used 11522K [0x0000000082200000, 0x0000000100000000)
  region size 1024K, 3 young (3072K), 3 survivors (3072K)
 Metaspace       used 16835K, capacity 17323K, committed 17536K, reserved 1064960K
  class space    used 1870K, capacity 2076K, committed 2176K, reserved 1048576K
}
Event: 4.665 GC heap before
{Heap before GC invocations=3 (full 0):
 garbage-first heap   total 129024K, used 36098K [0x0000000082200000, 0x0000000100000000)
  region size 1024K, 29 young (29696K), 3 survivors (3072K)
 Metaspace       used 20587K, capacity 21171K, committed 21296K, reserved 1069056K
  class space    used 2424K, capacity 2660K, committed 2688K, reserved 1048576K
}
Event: 4.673 GC heap after
{Heap after GC invocations=4 (full 0):
 garbage-first heap   total 129024K, used 12615K [0x0000000082200000, 0x0000000100000000)
  region size 1024K, 3 young (3072K), 3 survivors (3072K)
 Metaspace       used 20587K, capacity 21171K, committed 21296K, reserved 1069056K
  class space    used 2424K, capacity 2660K, committed 2688K, reserved 1048576K
}
Event: 5.084 GC heap before
{Heap before GC invocations=5 (full 0):
 garbage-first heap   total 129024K, used 39239K [0x0000000082200000, 0x0000000100000000)
  region size 1024K, 31 young (31744K), 3 survivors (3072K)
 Metaspace       used 24750K, capacity 25546K, committed 25648K, reserved 1077248K
  class space    used 3064K, capacity 3412K, committed 3456K, reserved 1048576K
}
Event: 5.093 GC heap after
{Heap after GC invocations=6 (full 0):
 garbage-first heap   total 129024K, used 13874K [0x0000000082200000, 0x0000000100000000)
  region size 1024K, 4 young (4096K), 4 survivors (4096K)
 Metaspace       used 24750K, capacity 25546K, committed 25648K, reserved 1077248K
  class space    used 3064K, capacity 3412K, committed 3456K, reserved 1048576K
}

